#
# A fatal error has been detected by the Java Runtime Environment:
#
#  EXCEPTION_ACCESS_VIOLATION (0xc0000005) at pc=0x00007ff88b58b386, pid=14860, tid=2040
#
# JRE version: Java(TM) SE Runtime Environment (19.0.2+7) (build 19.0.2+7-44)
# Java VM: Java HotSpot(TM) 64-Bit Server VM (19.0.2+7-44, mixed mode, sharing, tiered, compressed oops, compressed class ptrs, g1 gc, windows-amd64)
# Problematic frame:
# C  [igxelpicd64.dll+0x23b386]
#
# No core dump will be written. Minidumps are not enabled by default on client versions of Windows
#
# If you would like to submit a bug report, please visit:
#   https://bugreport.java.com/bugreport/crash.jsp
# The crash happened outside the Java Virtual Machine in native code.
# See problematic frame for where to report the bug.
#

---------------  S U M M A R Y ------------

Command Line: -Ddebugger.agent.enable.coroutines=true -Dkotlinx.coroutines.debug.enable.creation.stack.trace=false -agentlib:jdwp=transport=dt_socket,server=n,suspend=y,address=127.0.0.1:56942 -javaagent:C:\Users\Admin_04\AppData\Local\JetBrains\IdeaIC2024.2\captureAgent\debugger-agent.jar -Dfile.encoding=UTF-8 -Duser.country=RU -Duser.language=ru -Duser.variant com.devengine.test.Main

Host: 11th Gen Intel(R) Core(TM) i5-11400H @ 2.70GHz, 12 cores, 15G,  Windows 11 , 64 bit Build 22621 (10.0.22621.3958)
Time: Fri Oct  4 16:17:01 2024  Windows 11 , 64 bit Build 22621 (10.0.22621.3958) elapsed time: 6906.502947 seconds (0d 1h 55m 6s)

---------------  T H R E A D  ---------------

Current thread (0x000002089f59b820):  JavaThread "JDWP Transport Listener: dt_socket" daemon [_thread_in_native, id=2040, stack(0x000000dd8c300000,0x000000dd8c400000)]

Stack: [0x000000dd8c300000,0x000000dd8c400000],  sp=0x000000dd8c3fe760,  free space=1017k
Native frames: (J=compiled Java code, j=interpreted, Vv=VM code, C=native code)
C  [igxelpicd64.dll+0x23b386]


siginfo: EXCEPTION_ACCESS_VIOLATION (0xc0000005), reading address 0x0000000000035468


Registers:
RAX=0x00000208a82b95c0, RBX=0x000002089f642bd0, RCX=0x0000000000000001, RDX=0x0000000000000000
RSP=0x000000dd8c3fe760, RBP=0x0000000000000000, RSI=0x00000208a82b9480, RDI=0x000002089f570470
R8 =0x00000208a82b9580, R9 =0x0000000000000000, R10=0x0000000000000000, R11=0x0000000000000246
R12=0x00000208a82b9480, R13=0x0000000000000000, R14=0x00000208a82b99c8, R15=0x0000000000000000
RIP=0x00007ff88b58b386, EFLAGS=0x0000000000010206


Register to memory mapping:

RIP=